<?xml version="1.0" encoding="UTF-8"?>
<!-- Generated by org.testng.reporters.JUnitXMLReporter -->
<testsuite hostname="DESKTOP-SFCUNEP" name="anyname1" tests="7" failures="1" timestamp="24 Apr 2020 15:35:38 GMT" time="62.165" errors="0">
  <testcase name="@BeforeMethod Launchchrome" time="0.0" classname="Testing.Test2">
    <failure type="java.lang.NullPointerException">
      <![CDATA[java.lang.NullPointerException
	at Base.ReadProperties.geturl(ReadProperties.java:38)
	at Testing.Test2.Launchchrome(Test2.java:29)
... Removed 27 stack frames]]>
    </failure>
  </testcase> <!-- @BeforeMethod Launchchrome -->
  <testcase name="@AfterMethod ClosedBrosuwer" time="0.0" classname="Testing.Test2">
    <skipped/>
  </testcase> <!-- @AfterMethod ClosedBrosuwer -->
  <testcase name="test1" time="0.011" classname="Testing.Test1"/>
  <testcase name="testing" time="0.003" classname="Testing.Test2">
    <skipped/>
  </testcase> <!-- testing -->
  <testcase name="Homepagetest" time="0.105" classname="Testing.TestCase3"/>
  <testcase name="imageValidation" time="15.4" classname="Testing.TestCase4">
    <failure type="org.openqa.selenium.NoSuchElementException" message="no such element: Unable to locate element: {&amp;quot;method&amp;quot;:&amp;quot;xpath&amp;quot;,&amp;quot;selector&amp;quot;:&amp;quot;//*[@id=&amp;quot;mw-content-text&amp;quot;]/div/table[1]/tbody/tr[2]/td/a/img&amp;quot;}
  (Session info: chrome=81.0.4044.122)
For documentation on this error, please visit: http://seleniumhq.org/exceptions/no_such_element.html
Build info: version: &amp;apos;3.14.0&amp;apos;, revision: &amp;apos;aacccce0&amp;apos;, time: &amp;apos;2018-08-02T20:19:58.91Z&amp;apos;
System info: host: &amp;apos;DESKTOP-SFCUNEP&amp;apos;, ip: &amp;apos;192.168.1.102&amp;apos;, os.name: &amp;apos;Windows 10&amp;apos;, os.arch: &amp;apos;amd64&amp;apos;, os.version: &amp;apos;10.0&amp;apos;, java.version: &amp;apos;1.8.0_231&amp;apos;
Driver info: org.openqa.selenium.chrome.ChromeDriver
Capabilities {acceptInsecureCerts: false, browserName: chrome, browserVersion: 81.0.4044.122, chrome: {chromedriverVersion: 80.0.3987.106 (f68069574609..., userDataDir: C:\Users\Vishal\AppData\Loc...}, goog:chromeOptions: {debuggerAddress: localhost:50038}, javascriptEnabled: true, networkConnectionEnabled: false, pageLoadStrategy: normal, platform: WINDOWS, platformName: WINDOWS, proxy: Proxy(), setWindowRect: true, strictFileInteractability: false, timeouts: {implicit: 0, pageLoad: 300000, script: 30000}, unhandledPromptBehavior: dismiss and notify}
Session ID: d8baa01f969212d40a36eaa9ae41a9c1
*** Element info: {Using=xpath, value=//*[@id=&amp;quot;mw-content-text&amp;quot;]/div/table[1]/tbody/tr[2]/td/a/img}">
      <![CDATA[org.openqa.selenium.NoSuchElementException: no such element: Unable to locate element: {"method":"xpath","selector":"//*[@id="mw-content-text"]/div/table[1]/tbody/tr[2]/td/a/img"}
  (Session info: chrome=81.0.4044.122)
For documentation on this error, please visit: http://seleniumhq.org/exceptions/no_such_element.html
Build info: version: '3.14.0', revision: 'aacccce0', time: '2018-08-02T20:19:58.91Z'
System info: host: 'DESKTOP-SFCUNEP', ip: '192.168.1.102', os.name: 'Windows 10', os.arch: 'amd64', os.version: '10.0', java.version: '1.8.0_231'
Driver info: org.openqa.selenium.chrome.ChromeDriver
Capabilities {acceptInsecureCerts: false, browserName: chrome, browserVersion: 81.0.4044.122, chrome: {chromedriverVersion: 80.0.3987.106 (f68069574609..., userDataDir: C:\Users\Vishal\AppData\Loc...}, goog:chromeOptions: {debuggerAddress: localhost:50038}, javascriptEnabled: true, networkConnectionEnabled: false, pageLoadStrategy: normal, platform: WINDOWS, platformName: WINDOWS, proxy: Proxy(), setWindowRect: true, strictFileInteractability: false, timeouts: {implicit: 0, pageLoad: 300000, script: 30000}, unhandledPromptBehavior: dismiss and notify}
Session ID: d8baa01f969212d40a36eaa9ae41a9c1
*** Element info: {Using=xpath, value=//*[@id="mw-content-text"]/div/table[1]/tbody/tr[2]/td/a/img}
	at org.openqa.selenium.remote.http.W3CHttpResponseCodec.createException(W3CHttpResponseCodec.java:187)
	at org.openqa.selenium.remote.http.W3CHttpResponseCodec.decode(W3CHttpResponseCodec.java:122)
	at org.openqa.selenium.remote.http.W3CHttpResponseCodec.decode(W3CHttpResponseCodec.java:49)
	at org.openqa.selenium.remote.HttpCommandExecutor.execute(HttpCommandExecutor.java:158)
	at org.openqa.selenium.remote.service.DriverCommandExecutor.execute(DriverCommandExecutor.java:83)
	at org.openqa.selenium.remote.RemoteWebDriver.execute(RemoteWebDriver.java:548)
	at org.openqa.selenium.remote.RemoteWebDriver.findElement(RemoteWebDriver.java:322)
	at org.openqa.selenium.remote.RemoteWebDriver.findElementByXPath(RemoteWebDriver.java:424)
	at org.openqa.selenium.By$ByXPath.findElement(By.java:353)
	at org.openqa.selenium.remote.RemoteWebDriver.findElement(RemoteWebDriver.java:314)
	at Testing.TestCase4.imageValidation(TestCase4.java:32)
... Removed 29 stack frames]]>
    </failure>
  </testcase> <!-- imageValidation -->
  <testcase name="test" time="15.044" classname="Testing.TestingParameter"/>
  <testcase name="test3" time="0.006" classname="Testing.Test1"/>
  <testcase name="test2" time="0.004" classname="Testing.Test1"/>
</testsuite> <!-- anyname1 -->
